{"src\\cookiesKitchen.js":{"path":"src\\cookiesKitchen.js","s":{"1":1,"2":1,"3":0,"4":0,"5":0,"6":0,"7":0,"8":0,"9":0,"10":0,"11":0,"12":0,"13":0,"14":0,"15":0,"16":0,"17":0,"18":0,"19":0,"20":0,"21":0,"22":0,"23":0,"24":0,"25":0,"26":0,"27":0,"28":0,"29":0,"30":0,"31":0,"32":0,"33":0,"34":0,"35":0,"36":0,"37":0,"38":0,"39":0,"40":0,"41":0,"42":0,"43":0,"44":0,"45":0,"46":0,"47":0,"48":0,"49":0,"50":0,"51":0,"52":0,"53":0,"54":0,"55":0,"56":0,"57":0,"58":0,"59":0,"60":0,"61":0,"62":0,"63":0,"64":0,"65":0,"66":0,"67":0,"68":0,"69":0,"70":0,"71":0,"72":0,"73":0,"74":0,"75":0,"76":0,"77":0,"78":0,"79":0,"80":0,"81":0,"82":0,"83":0,"84":0,"85":0,"86":0,"87":0,"88":0,"89":0,"90":0,"91":0,"92":0,"93":0,"94":0,"95":0,"96":0},"b":{"1":[0,0],"2":[0,0],"3":[0,0],"4":[0,0],"5":[0,0],"6":[0,0],"7":[0,0],"8":[0,0],"9":[0,0],"10":[0,0],"11":[0,0],"12":[0,0],"13":[0,0],"14":[0,0],"15":[0,0],"16":[0,0,0],"17":[0,0],"18":[0,0],"19":[0,0,0],"20":[0,0,0],"21":[0,0],"22":[0,0],"23":[0,0],"24":[0,0],"25":[0,0],"26":[0,0],"27":[0,0],"28":[0,0],"29":[1,0]},"f":{"1":0,"2":0,"3":0,"4":0,"5":0,"6":0,"7":0,"8":0,"9":0,"10":0,"11":0,"12":0,"13":0,"14":0,"15":0},"fnMap":{"1":{"name":"(anonymous_1)","line":10,"loc":{"start":{"line":10,"column":2},"end":{"line":10,"column":42}}},"2":{"name":"(anonymous_2)","line":12,"loc":{"start":{"line":12,"column":65},"end":{"line":12,"column":76}}},"3":{"name":"(anonymous_3)","line":12,"loc":{"start":{"line":12,"column":86},"end":{"line":12,"column":97}}},"4":{"name":"(anonymous_4)","line":44,"loc":{"start":{"line":44,"column":8},"end":{"line":44,"column":18}}},"5":{"name":"(anonymous_5)","line":57,"loc":{"start":{"line":57,"column":18},"end":{"line":57,"column":28}}},"6":{"name":"(anonymous_6)","line":86,"loc":{"start":{"line":86,"column":12},"end":{"line":86,"column":22}}},"7":{"name":"(anonymous_7)","line":100,"loc":{"start":{"line":100,"column":13},"end":{"line":100,"column":38}}},"8":{"name":"(anonymous_8)","line":112,"loc":{"start":{"line":112,"column":13},"end":{"line":112,"column":27}}},"9":{"name":"(anonymous_9)","line":138,"loc":{"start":{"line":138,"column":15},"end":{"line":138,"column":34}}},"10":{"name":"(anonymous_10)","line":146,"loc":{"start":{"line":146,"column":13},"end":{"line":146,"column":23}}},"11":{"name":"(anonymous_11)","line":175,"loc":{"start":{"line":175,"column":26},"end":{"line":175,"column":36}}},"12":{"name":"(anonymous_12)","line":209,"loc":{"start":{"line":209,"column":13},"end":{"line":209,"column":23}}},"13":{"name":"(anonymous_13)","line":240,"loc":{"start":{"line":240,"column":10},"end":{"line":240,"column":27}}},"14":{"name":"(anonymous_14)","line":267,"loc":{"start":{"line":267,"column":14},"end":{"line":267,"column":31}}},"15":{"name":"(anonymous_15)","line":285,"loc":{"start":{"line":285,"column":13},"end":{"line":285,"column":23}}}},"statementMap":{"1":{"start":{"line":8,"column":0},"end":{"line":8,"column":19}},"2":{"start":{"line":10,"column":1},"end":{"line":296,"column":40}},"3":{"start":{"line":12,"column":0},"end":{"line":12,"column":102}},"4":{"start":{"line":14,"column":0},"end":{"line":291,"column":2}},"5":{"start":{"line":45,"column":2},"end":{"line":45,"column":76}},"6":{"start":{"line":46,"column":2},"end":{"line":46,"column":40}},"7":{"start":{"line":48,"column":2},"end":{"line":51,"column":25}},"8":{"start":{"line":54,"column":2},"end":{"line":54,"column":32}},"9":{"start":{"line":57,"column":2},"end":{"line":63,"column":5}},"10":{"start":{"line":58,"column":3},"end":{"line":62,"column":4}},"11":{"start":{"line":59,"column":4},"end":{"line":59,"column":18}},"12":{"start":{"line":60,"column":4},"end":{"line":60,"column":19}},"13":{"start":{"line":61,"column":4},"end":{"line":61,"column":23}},"14":{"start":{"line":66,"column":2},"end":{"line":66,"column":61}},"15":{"start":{"line":67,"column":2},"end":{"line":67,"column":67}},"16":{"start":{"line":68,"column":2},"end":{"line":68,"column":75}},"17":{"start":{"line":69,"column":2},"end":{"line":69,"column":49}},"18":{"start":{"line":70,"column":2},"end":{"line":70,"column":60}},"19":{"start":{"line":71,"column":2},"end":{"line":71,"column":77}},"20":{"start":{"line":72,"column":2},"end":{"line":72,"column":58}},"21":{"start":{"line":74,"column":2},"end":{"line":92,"column":3}},"22":{"start":{"line":76,"column":3},"end":{"line":76,"column":20}},"23":{"start":{"line":78,"column":3},"end":{"line":91,"column":6}},"24":{"start":{"line":87,"column":5},"end":{"line":89,"column":6}},"25":{"start":{"line":88,"column":6},"end":{"line":88,"column":20}},"26":{"start":{"line":101,"column":2},"end":{"line":101,"column":26}},"27":{"start":{"line":102,"column":2},"end":{"line":102,"column":42}},"28":{"start":{"line":103,"column":2},"end":{"line":103,"column":95}},"29":{"start":{"line":104,"column":2},"end":{"line":104,"column":37}},"30":{"start":{"line":105,"column":2},"end":{"line":105,"column":32}},"31":{"start":{"line":113,"column":2},"end":{"line":114,"column":48}},"32":{"start":{"line":116,"column":2},"end":{"line":118,"column":3}},"33":{"start":{"line":117,"column":3},"end":{"line":117,"column":42}},"34":{"start":{"line":119,"column":2},"end":{"line":129,"column":3}},"35":{"start":{"line":120,"column":3},"end":{"line":120,"column":22}},"36":{"start":{"line":122,"column":3},"end":{"line":122,"column":45}},"37":{"start":{"line":123,"column":3},"end":{"line":123,"column":44}},"38":{"start":{"line":125,"column":3},"end":{"line":127,"column":4}},"39":{"start":{"line":126,"column":4},"end":{"line":126,"column":29}},"40":{"start":{"line":128,"column":3},"end":{"line":128,"column":70}},"41":{"start":{"line":130,"column":2},"end":{"line":130,"column":21}},"42":{"start":{"line":139,"column":2},"end":{"line":139,"column":54}},"43":{"start":{"line":140,"column":2},"end":{"line":140,"column":31}},"44":{"start":{"line":148,"column":2},"end":{"line":186,"column":3}},"45":{"start":{"line":150,"column":3},"end":{"line":150,"column":65}},"46":{"start":{"line":151,"column":3},"end":{"line":151,"column":66}},"47":{"start":{"line":153,"column":3},"end":{"line":162,"column":4}},"48":{"start":{"line":155,"column":5},"end":{"line":155,"column":72}},"49":{"start":{"line":156,"column":5},"end":{"line":156,"column":11}},"50":{"start":{"line":158,"column":5},"end":{"line":158,"column":60}},"51":{"start":{"line":159,"column":5},"end":{"line":159,"column":11}},"52":{"start":{"line":161,"column":5},"end":{"line":161,"column":72}},"53":{"start":{"line":164,"column":3},"end":{"line":164,"column":27}},"54":{"start":{"line":167,"column":3},"end":{"line":167,"column":144}},"55":{"start":{"line":169,"column":3},"end":{"line":173,"column":14}},"56":{"start":{"line":175,"column":3},"end":{"line":177,"column":6}},"57":{"start":{"line":176,"column":4},"end":{"line":176,"column":31}},"58":{"start":{"line":180,"column":3},"end":{"line":180,"column":160}},"59":{"start":{"line":182,"column":3},"end":{"line":182,"column":67}},"60":{"start":{"line":184,"column":3},"end":{"line":184,"column":41}},"61":{"start":{"line":185,"column":3},"end":{"line":185,"column":37}},"62":{"start":{"line":188,"column":2},"end":{"line":190,"column":3}},"63":{"start":{"line":189,"column":3},"end":{"line":189,"column":26}},"64":{"start":{"line":192,"column":2},"end":{"line":201,"column":3}},"65":{"start":{"line":194,"column":4},"end":{"line":194,"column":34}},"66":{"start":{"line":195,"column":4},"end":{"line":195,"column":10}},"67":{"start":{"line":197,"column":4},"end":{"line":197,"column":31}},"68":{"start":{"line":198,"column":4},"end":{"line":198,"column":10}},"69":{"start":{"line":200,"column":4},"end":{"line":200,"column":31}},"70":{"start":{"line":203,"column":2},"end":{"line":203,"column":28}},"71":{"start":{"line":210,"column":2},"end":{"line":210,"column":40}},"72":{"start":{"line":211,"column":2},"end":{"line":211,"column":36}},"73":{"start":{"line":213,"column":2},"end":{"line":213,"column":29}},"74":{"start":{"line":215,"column":2},"end":{"line":224,"column":3}},"75":{"start":{"line":217,"column":4},"end":{"line":217,"column":32}},"76":{"start":{"line":218,"column":4},"end":{"line":218,"column":10}},"77":{"start":{"line":220,"column":4},"end":{"line":220,"column":32}},"78":{"start":{"line":221,"column":4},"end":{"line":221,"column":10}},"79":{"start":{"line":223,"column":4},"end":{"line":223,"column":32}},"80":{"start":{"line":226,"column":2},"end":{"line":228,"column":3}},"81":{"start":{"line":227,"column":3},"end":{"line":227,"column":27}},"82":{"start":{"line":230,"column":2},"end":{"line":230,"column":30}},"83":{"start":{"line":242,"column":2},"end":{"line":246,"column":3}},"84":{"start":{"line":243,"column":3},"end":{"line":245,"column":5}},"85":{"start":{"line":248,"column":2},"end":{"line":258,"column":3}},"86":{"start":{"line":249,"column":3},"end":{"line":249,"column":30}},"87":{"start":{"line":251,"column":3},"end":{"line":253,"column":4}},"88":{"start":{"line":252,"column":4},"end":{"line":252,"column":136}},"89":{"start":{"line":256,"column":3},"end":{"line":256,"column":30}},"90":{"start":{"line":269,"column":2},"end":{"line":273,"column":3}},"91":{"start":{"line":270,"column":3},"end":{"line":272,"column":5}},"92":{"start":{"line":275,"column":2},"end":{"line":275,"column":134}},"93":{"start":{"line":277,"column":2},"end":{"line":289,"column":3}},"94":{"start":{"line":278,"column":3},"end":{"line":288,"column":6}},"95":{"start":{"line":286,"column":5},"end":{"line":286,"column":31}},"96":{"start":{"line":294,"column":0},"end":{"line":294,"column":22}}},"branchMap":{"1":{"line":12,"type":"cond-expr","locations":[{"start":{"line":12,"column":41},"end":{"line":12,"column":55}},{"start":{"line":12,"column":58},"end":{"line":12,"column":101}}]},"2":{"line":58,"type":"if","locations":[{"start":{"line":58,"column":3},"end":{"line":58,"column":3}},{"start":{"line":58,"column":3},"end":{"line":58,"column":3}}]},"3":{"line":58,"type":"binary-expr","locations":[{"start":{"line":58,"column":7},"end":{"line":58,"column":33}},{"start":{"line":58,"column":37},"end":{"line":58,"column":69}}]},"4":{"line":66,"type":"binary-expr","locations":[{"start":{"line":66,"column":23},"end":{"line":66,"column":54}},{"start":{"line":66,"column":58},"end":{"line":66,"column":60}}]},"5":{"line":68,"type":"binary-expr","locations":[{"start":{"line":68,"column":24},"end":{"line":68,"column":50}},{"start":{"line":68,"column":54},"end":{"line":68,"column":74}}]},"6":{"line":71,"type":"cond-expr","locations":[{"start":{"line":71,"column":64},"end":{"line":71,"column":68}},{"start":{"line":71,"column":71},"end":{"line":71,"column":76}}]},"7":{"line":72,"type":"binary-expr","locations":[{"start":{"line":72,"column":25},"end":{"line":72,"column":52}},{"start":{"line":72,"column":56},"end":{"line":72,"column":57}}]},"8":{"line":74,"type":"if","locations":[{"start":{"line":74,"column":2},"end":{"line":74,"column":2}},{"start":{"line":74,"column":2},"end":{"line":74,"column":2}}]},"9":{"line":87,"type":"if","locations":[{"start":{"line":87,"column":5},"end":{"line":87,"column":5}},{"start":{"line":87,"column":5},"end":{"line":87,"column":5}}]},"10":{"line":103,"type":"cond-expr","locations":[{"start":{"line":103,"column":52},"end":{"line":103,"column":54}},{"start":{"line":103,"column":57},"end":{"line":103,"column":92}}]},"11":{"line":116,"type":"if","locations":[{"start":{"line":116,"column":2},"end":{"line":116,"column":2}},{"start":{"line":116,"column":2},"end":{"line":116,"column":2}}]},"12":{"line":119,"type":"if","locations":[{"start":{"line":119,"column":2},"end":{"line":119,"column":2}},{"start":{"line":119,"column":2},"end":{"line":119,"column":2}}]},"13":{"line":125,"type":"if","locations":[{"start":{"line":125,"column":3},"end":{"line":125,"column":3}},{"start":{"line":125,"column":3},"end":{"line":125,"column":3}}]},"14":{"line":148,"type":"if","locations":[{"start":{"line":148,"column":2},"end":{"line":148,"column":2}},{"start":{"line":148,"column":2},"end":{"line":148,"column":2}}]},"15":{"line":148,"type":"binary-expr","locations":[{"start":{"line":148,"column":6},"end":{"line":148,"column":24}},{"start":{"line":148,"column":28},"end":{"line":148,"column":42}}]},"16":{"line":153,"type":"switch","locations":[{"start":{"line":154,"column":4},"end":{"line":156,"column":11}},{"start":{"line":157,"column":4},"end":{"line":159,"column":11}},{"start":{"line":160,"column":4},"end":{"line":161,"column":72}}]},"17":{"line":167,"type":"cond-expr","locations":[{"start":{"line":167,"column":42},"end":{"line":167,"column":119}},{"start":{"line":167,"column":122},"end":{"line":167,"column":143}}]},"18":{"line":188,"type":"if","locations":[{"start":{"line":188,"column":2},"end":{"line":188,"column":2}},{"start":{"line":188,"column":2},"end":{"line":188,"column":2}}]},"19":{"line":192,"type":"switch","locations":[{"start":{"line":193,"column":3},"end":{"line":195,"column":10}},{"start":{"line":196,"column":3},"end":{"line":198,"column":10}},{"start":{"line":199,"column":3},"end":{"line":200,"column":31}}]},"20":{"line":215,"type":"switch","locations":[{"start":{"line":216,"column":3},"end":{"line":218,"column":10}},{"start":{"line":219,"column":3},"end":{"line":221,"column":10}},{"start":{"line":222,"column":3},"end":{"line":223,"column":32}}]},"21":{"line":226,"type":"if","locations":[{"start":{"line":226,"column":2},"end":{"line":226,"column":2}},{"start":{"line":226,"column":2},"end":{"line":226,"column":2}}]},"22":{"line":242,"type":"if","locations":[{"start":{"line":242,"column":2},"end":{"line":242,"column":2}},{"start":{"line":242,"column":2},"end":{"line":242,"column":2}}]},"23":{"line":248,"type":"if","locations":[{"start":{"line":248,"column":2},"end":{"line":248,"column":2}},{"start":{"line":248,"column":2},"end":{"line":248,"column":2}}]},"24":{"line":251,"type":"if","locations":[{"start":{"line":251,"column":3},"end":{"line":251,"column":3}},{"start":{"line":251,"column":3},"end":{"line":251,"column":3}}]},"25":{"line":251,"type":"binary-expr","locations":[{"start":{"line":251,"column":7},"end":{"line":251,"column":68}},{"start":{"line":251,"column":72},"end":{"line":251,"column":169}}]},"26":{"line":269,"type":"if","locations":[{"start":{"line":269,"column":2},"end":{"line":269,"column":2}},{"start":{"line":269,"column":2},"end":{"line":269,"column":2}}]},"27":{"line":277,"type":"if","locations":[{"start":{"line":277,"column":2},"end":{"line":277,"column":2}},{"start":{"line":277,"column":2},"end":{"line":277,"column":2}}]},"28":{"line":277,"type":"binary-expr","locations":[{"start":{"line":277,"column":6},"end":{"line":277,"column":33}},{"start":{"line":277,"column":37},"end":{"line":277,"column":52}}]},"29":{"line":296,"type":"binary-expr","locations":[{"start":{"line":296,"column":3},"end":{"line":296,"column":9}},{"start":{"line":296,"column":11},"end":{"line":296,"column":20}}]}}}}