TN:
SF:C:\Users\MettalRider\workspaceNode\Cookies-Kitchen\src\cookiesKitchen.js
FN:10,(anonymous_1)
FN:12,(anonymous_2)
FN:12,(anonymous_3)
FN:44,(anonymous_4)
FN:57,(anonymous_5)
FN:86,(anonymous_6)
FN:100,(anonymous_7)
FN:112,(anonymous_8)
FN:138,(anonymous_9)
FN:146,(anonymous_10)
FN:175,(anonymous_11)
FN:209,(anonymous_12)
FN:240,(anonymous_13)
FN:267,(anonymous_14)
FN:285,(anonymous_15)
FNF:15
FNH:11
FNDA:1,(anonymous_1)
FNDA:0,(anonymous_2)
FNDA:0,(anonymous_3)
FNDA:1,(anonymous_4)
FNDA:8,(anonymous_5)
FNDA:1,(anonymous_6)
FNDA:1,(anonymous_7)
FNDA:1,(anonymous_8)
FNDA:0,(anonymous_9)
FNDA:2,(anonymous_10)
FNDA:1,(anonymous_11)
FNDA:1,(anonymous_12)
FNDA:1,(anonymous_13)
FNDA:1,(anonymous_14)
FNDA:0,(anonymous_15)
DA:8,1
DA:10,1
DA:12,1
DA:14,1
DA:45,1
DA:46,1
DA:48,1
DA:54,1
DA:57,1
DA:58,8
DA:59,1
DA:60,1
DA:61,1
DA:66,1
DA:67,1
DA:68,1
DA:69,1
DA:70,1
DA:71,1
DA:72,1
DA:74,1
DA:76,1
DA:78,1
DA:87,1
DA:88,0
DA:101,1
DA:102,1
DA:103,1
DA:104,1
DA:105,1
DA:113,1
DA:116,1
DA:117,1
DA:119,1
DA:120,1
DA:122,0
DA:123,0
DA:125,0
DA:126,0
DA:128,0
DA:130,1
DA:139,0
DA:140,0
DA:148,2
DA:150,1
DA:151,1
DA:153,1
DA:155,0
DA:156,0
DA:158,0
DA:159,0
DA:161,1
DA:164,1
DA:167,1
DA:169,1
DA:175,1
DA:176,1
DA:180,1
DA:182,1
DA:184,1
DA:185,1
DA:188,2
DA:189,0
DA:192,2
DA:194,0
DA:195,0
DA:197,0
DA:198,0
DA:200,2
DA:203,2
DA:210,1
DA:211,1
DA:213,1
DA:215,1
DA:217,0
DA:218,0
DA:220,0
DA:221,0
DA:223,1
DA:226,1
DA:227,0
DA:230,1
DA:242,1
DA:243,0
DA:248,1
DA:249,0
DA:251,0
DA:252,0
DA:256,1
DA:269,1
DA:270,1
DA:275,1
DA:277,1
DA:278,1
DA:286,0
DA:294,1
LF:96
LH:69
BRDA:12,1,0,1
BRDA:12,1,1,0
BRDA:58,2,0,1
BRDA:58,2,1,7
BRDA:58,3,0,8
BRDA:58,3,1,1
BRDA:66,4,0,1
BRDA:66,4,1,0
BRDA:68,5,0,1
BRDA:68,5,1,0
BRDA:71,6,0,0
BRDA:71,6,1,1
BRDA:72,7,0,1
BRDA:72,7,1,1
BRDA:74,8,0,1
BRDA:74,8,1,0
BRDA:87,9,0,0
BRDA:87,9,1,1
BRDA:103,10,0,0
BRDA:103,10,1,1
BRDA:116,11,0,1
BRDA:116,11,1,0
BRDA:119,12,0,1
BRDA:119,12,1,0
BRDA:125,13,0,0
BRDA:125,13,1,0
BRDA:148,14,0,1
BRDA:148,14,1,1
BRDA:148,15,0,2
BRDA:148,15,1,1
BRDA:153,16,0,0
BRDA:153,16,1,0
BRDA:153,16,2,1
BRDA:167,17,0,1
BRDA:167,17,1,0
BRDA:188,18,0,0
BRDA:188,18,1,2
BRDA:192,19,0,0
BRDA:192,19,1,0
BRDA:192,19,2,2
BRDA:215,20,0,0
BRDA:215,20,1,0
BRDA:215,20,2,1
BRDA:226,21,0,0
BRDA:226,21,1,1
BRDA:242,22,0,0
BRDA:242,22,1,1
BRDA:248,23,0,0
BRDA:248,23,1,1
BRDA:251,24,0,0
BRDA:251,24,1,0
BRDA:251,25,0,0
BRDA:251,25,1,0
BRDA:269,26,0,1
BRDA:269,26,1,0
BRDA:277,27,0,1
BRDA:277,27,1,0
BRDA:277,28,0,1
BRDA:277,28,1,1
BRDA:296,29,0,1
BRDA:296,29,1,1
BRF:61
BRH:33
end_of_record
