TN:
SF:/mnt/samba/WWW_WEBS/PRUEBAS/JOSE/Cookies-Kitchen/src/cookiesKitchen.js
FN:10,(anonymous_1)
FN:12,(anonymous_2)
FN:12,(anonymous_3)
FN:44,(anonymous_4)
FN:57,(anonymous_5)
FN:90,(anonymous_6)
FN:104,(anonymous_7)
FN:116,(anonymous_8)
FN:142,(anonymous_9)
FN:150,(anonymous_10)
FN:179,(anonymous_11)
FN:213,(anonymous_12)
FN:244,(anonymous_13)
FN:271,(anonymous_14)
FN:289,(anonymous_15)
FNF:15
FNH:13
FNDA:1,(anonymous_1)
FNDA:0,(anonymous_2)
FNDA:0,(anonymous_3)
FNDA:1,(anonymous_4)
FNDA:6,(anonymous_5)
FNDA:1,(anonymous_6)
FNDA:6,(anonymous_7)
FNDA:3,(anonymous_8)
FNDA:1,(anonymous_9)
FNDA:3,(anonymous_10)
FNDA:1,(anonymous_11)
FNDA:4,(anonymous_12)
FNDA:3,(anonymous_13)
FNDA:6,(anonymous_14)
FNDA:2,(anonymous_15)
DA:8,1
DA:10,1
DA:12,1
DA:14,1
DA:45,1
DA:46,1
DA:48,1
DA:54,1
DA:57,1
DA:58,6
DA:59,1
DA:60,1
DA:61,1
DA:65,1
DA:70,1
DA:71,1
DA:72,1
DA:73,1
DA:74,1
DA:75,1
DA:76,1
DA:78,1
DA:80,1
DA:82,1
DA:91,1
DA:92,0
DA:105,6
DA:106,6
DA:107,6
DA:108,6
DA:109,6
DA:117,3
DA:120,3
DA:121,3
DA:123,3
DA:124,1
DA:126,2
DA:127,2
DA:129,2
DA:130,2
DA:132,2
DA:134,3
DA:143,1
DA:144,1
DA:152,3
DA:154,1
DA:155,1
DA:157,1
DA:159,0
DA:160,0
DA:162,0
DA:163,0
DA:165,1
DA:168,1
DA:171,1
DA:173,1
DA:179,1
DA:180,1
DA:184,1
DA:186,1
DA:188,1
DA:189,1
DA:192,3
DA:193,0
DA:196,3
DA:198,0
DA:199,0
DA:201,0
DA:202,0
DA:204,3
DA:207,3
DA:214,4
DA:215,4
DA:217,4
DA:219,4
DA:221,0
DA:222,0
DA:224,0
DA:225,0
DA:227,4
DA:230,4
DA:231,0
DA:234,4
DA:246,3
DA:247,1
DA:252,3
DA:253,1
DA:255,1
DA:256,0
DA:260,2
DA:273,6
DA:274,4
DA:279,6
DA:281,6
DA:282,4
DA:290,2
DA:298,1
LF:97
LH:81
BRDA:12,1,0,1
BRDA:12,1,1,0
BRDA:58,2,0,1
BRDA:58,2,1,5
BRDA:58,3,0,6
BRDA:58,3,1,1
BRDA:65,4,0,0
BRDA:65,4,1,1
BRDA:70,5,0,1
BRDA:70,5,1,0
BRDA:72,6,0,1
BRDA:72,6,1,0
BRDA:75,7,0,0
BRDA:75,7,1,1
BRDA:76,8,0,1
BRDA:76,8,1,1
BRDA:78,9,0,1
BRDA:78,9,1,0
BRDA:91,10,0,0
BRDA:91,10,1,1
BRDA:107,11,0,0
BRDA:107,11,1,6
BRDA:120,12,0,3
BRDA:120,12,1,0
BRDA:123,13,0,1
BRDA:123,13,1,2
BRDA:129,14,0,2
BRDA:129,14,1,0
BRDA:152,15,0,1
BRDA:152,15,1,2
BRDA:152,16,0,3
BRDA:152,16,1,1
BRDA:157,17,0,0
BRDA:157,17,1,0
BRDA:157,17,2,1
BRDA:171,18,0,1
BRDA:171,18,1,0
BRDA:192,19,0,0
BRDA:192,19,1,3
BRDA:196,20,0,0
BRDA:196,20,1,0
BRDA:196,20,2,3
BRDA:219,21,0,0
BRDA:219,21,1,0
BRDA:219,21,2,4
BRDA:230,22,0,0
BRDA:230,22,1,4
BRDA:246,23,0,1
BRDA:246,23,1,2
BRDA:252,24,0,1
BRDA:252,24,1,2
BRDA:255,25,0,0
BRDA:255,25,1,1
BRDA:255,26,0,1
BRDA:255,26,1,0
BRDA:273,27,0,4
BRDA:273,27,1,2
BRDA:281,28,0,4
BRDA:281,28,1,2
BRDA:281,29,0,6
BRDA:281,29,1,4
BRDA:300,30,0,1
BRDA:300,30,1,1
BRF:63
BRH:42
end_of_record
